<?xml version="1.0" encoding="utf-8"?>
<TestRun id="f25f00b2-bd47-402c-b3fa-f4783f34b9db" name="Prabha@PRABHU 2026-02-25 23:17:28" runUser="PRABHU\Prabha" xmlns="http://microsoft.com/schemas/VisualStudio/TeamTest/2010">
  <Times creation="2026-02-25T23:17:28.2038301+05:30" queuing="2026-02-25T23:17:28.2038306+05:30" start="2026-02-25T23:17:24.1228026+05:30" finish="2026-02-25T23:17:28.9249004+05:30" />
  <TestSettings name="default" id="73567b78-8692-4234-9926-20b631a56028">
    <Deployment runDeploymentRoot="Prabha_PRABHU_2026-02-25_23_17_28" />
  </TestSettings>
  <Results>
    <UnitTestResult executionId="de17a8ee-5e2a-45e9-8dc2-145e3025d319" testId="18b4d2d2-f98c-8728-f1f7-48549a95a5e4" testName="webapi.test.WeatherForecastControllerTests.Get_ReturnWetherForcastController" computerName="PRABHU" duration="00:00:00.0002897" startTime="2026-02-25T23:17:26.9617059+05:30" endTime="2026-02-25T23:17:26.9617779+05:30" testType="13cdc9d9-ddb5-4fa4-a97d-d965ccfc6d4b" outcome="Passed" testListId="8c84fa94-04c1-424b-9868-57a2d4851a1d" relativeResultsDirectory="de17a8ee-5e2a-45e9-8dc2-145e3025d319" />
    <UnitTestResult executionId="ce23ef39-d66f-4e0e-82db-c6b62b9b7423" testId="99c9e081-3b1c-aa3f-bd27-0abab270a18f" testName="webapi.test.WeatherForecastControllerTests.Get_ReturnsCorrectNumberOfForecasts" computerName="PRABHU" duration="00:00:00.0016727" startTime="2026-02-25T23:17:26.9601794+05:30" endTime="2026-02-25T23:17:26.9603226+05:30" testType="13cdc9d9-ddb5-4fa4-a97d-d965ccfc6d4b" outcome="Passed" testListId="8c84fa94-04c1-424b-9868-57a2d4851a1d" relativeResultsDirectory="ce23ef39-d66f-4e0e-82db-c6b62b9b7423" />
    <UnitTestResult executionId="d5ce7c9d-9772-449f-a619-1c3d122cc5e8" testId="7cdb64cc-e3de-d349-da77-f93034d039be" testName="webapi.test.WeatherForecastControllerTests.Get_ReturnsWeatherForecasts" computerName="PRABHU" duration="00:00:00.0948012" startTime="2026-02-25T23:17:26.8718565+05:30" endTime="2026-02-25T23:17:26.9403450+05:30" testType="13cdc9d9-ddb5-4fa4-a97d-d965ccfc6d4b" outcome="Passed" testListId="8c84fa94-04c1-424b-9868-57a2d4851a1d" relativeResultsDirectory="d5ce7c9d-9772-449f-a619-1c3d122cc5e8" />
  </Results>
  <TestDefinitions>
    <UnitTest name="webapi.test.WeatherForecastControllerTests.Get_ReturnsWeatherForecasts" storage="d:\blogposts\11-jenkins_ansible\webapi\src\webapi.test\bin\debug\net8.0\webapi.test.dll" id="7cdb64cc-e3de-d349-da77-f93034d039be">
      <Execution id="d5ce7c9d-9772-449f-a619-1c3d122cc5e8" />
      <TestMethod codeBase="D:\BlogPosts\11-Jenkins_ansible\webapi\src\webapi.test\bin\Debug\net8.0\webapi.test.dll" adapterTypeName="executor://xunit/VsTestRunner3/netcore/" className="webapi.test.WeatherForecastControllerTests" name="Get_ReturnsWeatherForecasts" />
    </UnitTest>
    <UnitTest name="webapi.test.WeatherForecastControllerTests.Get_ReturnWetherForcastController" storage="d:\blogposts\11-jenkins_ansible\webapi\src\webapi.test\bin\debug\net8.0\webapi.test.dll" id="18b4d2d2-f98c-8728-f1f7-48549a95a5e4">
      <Execution id="de17a8ee-5e2a-45e9-8dc2-145e3025d319" />
      <TestMethod codeBase="D:\BlogPosts\11-Jenkins_ansible\webapi\src\webapi.test\bin\Debug\net8.0\webapi.test.dll" adapterTypeName="executor://xunit/VsTestRunner3/netcore/" className="webapi.test.WeatherForecastControllerTests" name="Get_ReturnWetherForcastController" />
    </UnitTest>
    <UnitTest name="webapi.test.WeatherForecastControllerTests.Get_ReturnsCorrectNumberOfForecasts" storage="d:\blogposts\11-jenkins_ansible\webapi\src\webapi.test\bin\debug\net8.0\webapi.test.dll" id="99c9e081-3b1c-aa3f-bd27-0abab270a18f">
      <Execution id="ce23ef39-d66f-4e0e-82db-c6b62b9b7423" />
      <TestMethod codeBase="D:\BlogPosts\11-Jenkins_ansible\webapi\src\webapi.test\bin\Debug\net8.0\webapi.test.dll" adapterTypeName="executor://xunit/VsTestRunner3/netcore/" className="webapi.test.WeatherForecastControllerTests" name="Get_ReturnsCorrectNumberOfForecasts" />
    </UnitTest>
  </TestDefinitions>
  <TestEntries>
    <TestEntry testId="18b4d2d2-f98c-8728-f1f7-48549a95a5e4" executionId="de17a8ee-5e2a-45e9-8dc2-145e3025d319" testListId="8c84fa94-04c1-424b-9868-57a2d4851a1d" />
    <TestEntry testId="99c9e081-3b1c-aa3f-bd27-0abab270a18f" executionId="ce23ef39-d66f-4e0e-82db-c6b62b9b7423" testListId="8c84fa94-04c1-424b-9868-57a2d4851a1d" />
    <TestEntry testId="7cdb64cc-e3de-d349-da77-f93034d039be" executionId="d5ce7c9d-9772-449f-a619-1c3d122cc5e8" testListId="8c84fa94-04c1-424b-9868-57a2d4851a1d" />
  </TestEntries>
  <TestLists>
    <TestList name="Results Not in a List" id="8c84fa94-04c1-424b-9868-57a2d4851a1d" />
    <TestList name="All Loaded Results" id="19431567-8539-422a-85d7-44ee4e166bda" />
  </TestLists>
  <ResultSummary outcome="Completed">
    <Counters total="3" executed="3" passed="3" failed="0" error="0" timeout="0" aborted="0" inconclusive="0" passedButRunAborted="0" notRunnable="0" notExecuted="0" disconnected="0" warning="0" completed="0" inProgress="0" pending="0" />
    <Output>
      <StdOut>[xUnit.net 00:00:00.00] xUnit.net VSTest Adapter v3.1.5+1b188a7b0a (64-bit .NET 8.0.13)&#xD;
[xUnit.net 00:00:00.11]   Discovering: webapi.test&#xD;
[xUnit.net 00:00:00.15]   Discovered:  webapi.test&#xD;
[xUnit.net 00:00:00.18]   Starting:    webapi.test&#xD;
[xUnit.net 00:00:00.34]   Finished:    webapi.test&#xD;
</StdOut>
    </Output>
    <CollectorDataEntries>
      <Collector agentName="PRABHU" uri="datacollector://microsoft/CoverletCodeCoverage/1.0" collectorDisplayName="XPlat code coverage">
        <UriAttachments>
          <UriAttachment>
            <A href="PRABHU\coverage.opencover.xml"></A>
          </UriAttachment>
        </UriAttachments>
      </Collector>
    </CollectorDataEntries>
  </ResultSummary>
</TestRun>